<?xml version="1.0" encoding="utf-8"?><testsuites name="pytest tests"><testsuite name="pytest" errors="0" failures="1" skipped="0" tests="33" time="6.186" timestamp="2026-05-03T06:41:53.929799+00:00" hostname="agent-env-dc1a1e03-a0ad-4916-a6d6-314eef90970d"><testcase classname="backend.tests.backend_test.TestAuth" name="test_root_ok" time="0.130" /><testcase classname="backend.tests.backend_test.TestAuth" name="test_login_admin_success_and_cookies" time="0.368" /><testcase classname="backend.tests.backend_test.TestAuth" name="test_login_invalid_password_returns_401" time="0.343" /><testcase classname="backend.tests.backend_test.TestAuth" name="test_me_returns_user_with_cookie" time="0.376" /><testcase classname="backend.tests.backend_test.TestAuth" name="test_me_without_cookie_returns_401" time="0.100" /><testcase classname="backend.tests.backend_test.TestAuth" name="test_brute_force_lockout" time="0.707"><failure message="assert 401 == 429&#10; +  where 401 = &lt;Response [401]&gt;.status_code">E   assert 401 == 429
     +  where 401 = &lt;Response [401]&gt;.status_code</failure></testcase><testcase classname="backend.tests.backend_test.TestAuth" name="test_logout_clears_cookies" time="0.407" /><testcase classname="backend.tests.backend_test.TestUsers" name="test_editor_cannot_list_users" time="0.380" /><testcase classname="backend.tests.backend_test.TestUsers" name="test_admin_can_list_users" time="0.044" /><testcase classname="backend.tests.backend_test.TestUsers" name="test_admin_create_update_delete_user" time="0.394" /><testcase classname="backend.tests.backend_test.TestUsers" name="test_admin_cannot_delete_self" time="0.087" /><testcase classname="backend.tests.backend_test.TestContent" name="test_public_homepage" time="0.109" /><testcase classname="backend.tests.backend_test.TestContent" name="test_public_about" time="0.111" /><testcase classname="backend.tests.backend_test.TestContent" name="test_editor_can_update_homepage" time="0.300" /><testcase classname="backend.tests.backend_test.TestContent" name="test_editor_can_update_about" time="0.283" /><testcase classname="backend.tests.backend_test.TestContent" name="test_unauth_cannot_update_homepage" time="0.103" /><testcase classname="backend.tests.backend_test.TestChronicle" name="test_list_chronicle" time="0.123" /><testcase classname="backend.tests.backend_test.TestChronicle" name="test_chronicle_full_crud" time="0.296" /><testcase classname="backend.tests.backend_test.TestReports" name="test_list_reports" time="0.097" /><testcase classname="backend.tests.backend_test.TestReports" name="test_reports_crud" time="0.162" /><testcase classname="backend.tests.backend_test.TestDirectory" name="test_list_directory" time="0.114" /><testcase classname="backend.tests.backend_test.TestDirectory" name="test_directory_crud" time="0.144" /><testcase classname="backend.tests.backend_test.TestTeam" name="test_list_team" time="0.117" /><testcase classname="backend.tests.backend_test.TestTeam" name="test_team_crud" time="0.152" /><testcase classname="backend.tests.backend_test.TestGrievances" name="test_public_submit" time="0.099" /><testcase classname="backend.tests.backend_test.TestGrievances" name="test_list_requires_auth" time="0.101" /><testcase classname="backend.tests.backend_test.TestGrievances" name="test_editor_can_list" time="0.051" /><testcase classname="backend.tests.backend_test.TestGrievances" name="test_patch_status" time="0.046" /><testcase classname="backend.tests.backend_test.TestGrievances" name="test_invalid_status_400" time="0.048" /><testcase classname="backend.tests.backend_test.TestGrievances" name="test_editor_cannot_delete" time="0.047" /><testcase classname="backend.tests.backend_test.TestGrievances" name="test_admin_can_delete" time="0.049" /><testcase classname="backend.tests.backend_test.TestStats" name="test_stats_unauth_401" time="0.104" /><testcase classname="backend.tests.backend_test.TestStats" name="test_stats_editor" time="0.057" /></testsuite></testsuites>